<?xml version="1.0" encoding="UTF-8"?>
<testng-results skipped="0" failed="0" ignored="3" total="7" passed="4">
  <reporter-output>
  </reporter-output>
  <suite name="Default suite" duration-ms="95943" started-at="2020-04-03T18:24:45 PDT" finished-at="2020-04-03T18:26:21 PDT">
    <groups>
    </groups>
    <test name="Default test" duration-ms="95943" started-at="2020-04-03T18:24:45 PDT" finished-at="2020-04-03T18:26:21 PDT">
      <class name="com.crm.qa.testcases.ContactsPageTest">
        <test-method status="PASS" signature="setUp()[pri:0, instance:com.crm.qa.testcases.ContactsPageTest@2d8f65a4]" name="setUp" is-config="true" duration-ms="48553" started-at="2020-04-03T18:24:47 PDT" finished-at="2020-04-03T18:25:35 PDT">
          <reporter-output>
          </reporter-output>
        </test-method> <!-- setUp -->
        <test-method status="PASS" signature="validateCreateNewContact(java.lang.String, java.lang.String, java.lang.String, java.lang.String)[pri:4, instance:com.crm.qa.testcases.ContactsPageTest@2d8f65a4]" name="validateCreateNewContact" duration-ms="2800" started-at="2020-04-03T18:25:35 PDT" data-provider="getCRMTestData" finished-at="2020-04-03T18:25:38 PDT">
          <params>
            <param index="0">
              <value>
                <![CDATA[Mrs.]]>
              </value>
            </param>
            <param index="1">
              <value>
                <![CDATA[Guneet]]>
              </value>
            </param>
            <param index="2">
              <value>
                <![CDATA[Chhabra]]>
              </value>
            </param>
            <param index="3">
              <value>
                <![CDATA[Google]]>
              </value>
            </param>
          </params>
          <reporter-output>
          </reporter-output>
        </test-method> <!-- validateCreateNewContact -->
        <test-method status="PASS" signature="tearDown()[pri:0, instance:com.crm.qa.testcases.ContactsPageTest@2d8f65a4]" name="tearDown" is-config="true" duration-ms="797" started-at="2020-04-03T18:25:38 PDT" finished-at="2020-04-03T18:25:39 PDT">
          <reporter-output>
          </reporter-output>
        </test-method> <!-- tearDown -->
        <test-method status="PASS" signature="setUp()[pri:0, instance:com.crm.qa.testcases.ContactsPageTest@2d8f65a4]" name="setUp" is-config="true" duration-ms="11071" started-at="2020-04-03T18:25:39 PDT" finished-at="2020-04-03T18:25:50 PDT">
          <reporter-output>
          </reporter-output>
        </test-method> <!-- setUp -->
        <test-method status="PASS" signature="validateCreateNewContact(java.lang.String, java.lang.String, java.lang.String, java.lang.String)[pri:4, instance:com.crm.qa.testcases.ContactsPageTest@2d8f65a4]" name="validateCreateNewContact" duration-ms="3018" started-at="2020-04-03T18:25:50 PDT" data-provider="getCRMTestData" finished-at="2020-04-03T18:25:53 PDT">
          <params>
            <param index="0">
              <value>
                <![CDATA[Mr.]]>
              </value>
            </param>
            <param index="1">
              <value>
                <![CDATA[Param]]>
              </value>
            </param>
            <param index="2">
              <value>
                <![CDATA[Makkar]]>
              </value>
            </param>
            <param index="3">
              <value>
                <![CDATA[Amazon]]>
              </value>
            </param>
          </params>
          <reporter-output>
          </reporter-output>
        </test-method> <!-- validateCreateNewContact -->
        <test-method status="PASS" signature="tearDown()[pri:0, instance:com.crm.qa.testcases.ContactsPageTest@2d8f65a4]" name="tearDown" is-config="true" duration-ms="863" started-at="2020-04-03T18:25:53 PDT" finished-at="2020-04-03T18:25:54 PDT">
          <reporter-output>
          </reporter-output>
        </test-method> <!-- tearDown -->
        <test-method status="PASS" signature="setUp()[pri:0, instance:com.crm.qa.testcases.ContactsPageTest@2d8f65a4]" name="setUp" is-config="true" duration-ms="10096" started-at="2020-04-03T18:25:54 PDT" finished-at="2020-04-03T18:26:04 PDT">
          <reporter-output>
          </reporter-output>
        </test-method> <!-- setUp -->
        <test-method status="PASS" signature="validateCreateNewContact(java.lang.String, java.lang.String, java.lang.String, java.lang.String)[pri:4, instance:com.crm.qa.testcases.ContactsPageTest@2d8f65a4]" name="validateCreateNewContact" duration-ms="2981" started-at="2020-04-03T18:26:04 PDT" data-provider="getCRMTestData" finished-at="2020-04-03T18:26:07 PDT">
          <params>
            <param index="0">
              <value>
                <![CDATA[Dr.]]>
              </value>
            </param>
            <param index="1">
              <value>
                <![CDATA[Avneet]]>
              </value>
            </param>
            <param index="2">
              <value>
                <![CDATA[Chhabra]]>
              </value>
            </param>
            <param index="3">
              <value>
                <![CDATA[ShineDentalClinic]]>
              </value>
            </param>
          </params>
          <reporter-output>
          </reporter-output>
        </test-method> <!-- validateCreateNewContact -->
        <test-method status="PASS" signature="tearDown()[pri:0, instance:com.crm.qa.testcases.ContactsPageTest@2d8f65a4]" name="tearDown" is-config="true" duration-ms="800" started-at="2020-04-03T18:26:07 PDT" finished-at="2020-04-03T18:26:08 PDT">
          <reporter-output>
          </reporter-output>
        </test-method> <!-- tearDown -->
        <test-method status="PASS" signature="setUp()[pri:0, instance:com.crm.qa.testcases.ContactsPageTest@2d8f65a4]" name="setUp" is-config="true" duration-ms="8728" started-at="2020-04-03T18:26:08 PDT" finished-at="2020-04-03T18:26:17 PDT">
          <reporter-output>
          </reporter-output>
        </test-method> <!-- setUp -->
        <test-method status="PASS" signature="validateCreateNewContact(java.lang.String, java.lang.String, java.lang.String, java.lang.String)[pri:4, instance:com.crm.qa.testcases.ContactsPageTest@2d8f65a4]" name="validateCreateNewContact" duration-ms="3140" started-at="2020-04-03T18:26:17 PDT" data-provider="getCRMTestData" finished-at="2020-04-03T18:26:20 PDT">
          <params>
            <param index="0">
              <value>
                <![CDATA[Mr.]]>
              </value>
            </param>
            <param index="1">
              <value>
                <![CDATA[Parmeet]]>
              </value>
            </param>
            <param index="2">
              <value>
                <![CDATA[Chhabra]]>
              </value>
            </param>
            <param index="3">
              <value>
                <![CDATA[Infosys]]>
              </value>
            </param>
          </params>
          <reporter-output>
          </reporter-output>
        </test-method> <!-- validateCreateNewContact -->
        <test-method status="PASS" signature="tearDown()[pri:0, instance:com.crm.qa.testcases.ContactsPageTest@2d8f65a4]" name="tearDown" is-config="true" duration-ms="779" started-at="2020-04-03T18:26:20 PDT" finished-at="2020-04-03T18:26:21 PDT">
          <reporter-output>
          </reporter-output>
        </test-method> <!-- tearDown -->
      </class> <!-- com.crm.qa.testcases.ContactsPageTest -->
    </test> <!-- Default test -->
  </suite> <!-- Default suite -->
</testng-results>
